#
# There is insufficient memory for the Java Runtime Environment to continue.
# Native memory allocation (mmap) failed to map 132120576 bytes for G1 virtual space
# Possible reasons:
#   The system is out of physical RAM or swap space
#   The process is running with CompressedOops enabled, and the Java Heap may be blocking the growth of the native heap
# Possible solutions:
#   Reduce memory load on the system
#   Increase physical memory or swap space
#   Check if swap backing store is full
#   Decrease Java heap size (-Xmx/-Xms)
#   Decrease number of Java threads
#   Decrease Java thread stack sizes (-Xss)
#   Set larger code cache with -XX:ReservedCodeCacheSize=
#   JVM is running with Unscaled Compressed Oops mode in which the Java heap is
#     placed in the first 4GB address space. The Java Heap base address is the
#     maximum limit for the native heap growth. Please use -XX:HeapBaseMinAddress
#     to set the Java Heap base and to place the Java Heap above 4GB virtual address.
# This output file may be truncated or incomplete.
#
#  Out of Memory Error (os_windows.cpp:3613), pid=15084, tid=10500
#
# JRE version:  (17.0.10+7) (build )
# Java VM: OpenJDK 64-Bit Server VM (17.0.10+7, mixed mode, sharing, tiered, compressed oops, compressed class ptrs, g1 gc, windows-amd64)
# No core dump will be written. Minidumps are not enabled by default on client versions of Windows
#

---------------  S U M M A R Y ------------

Command Line: C:\Users\agues\AppData\Local\Temp\surefire6606073381176541001\surefirebooter-20240218130815657_3.jar C:\Users\agues\AppData\Local\Temp\surefire6606073381176541001 2024-02-18T13-08-15_349-jvmRun1 surefire-20240218130815657_1tmp surefire_0-20240218130815657_2tmp

Host: Intel(R) Core(TM) i5-10300H CPU @ 2.50GHz, 8 cores, 7G,  Windows 11 , 64 bit Build 22621 (10.0.22621.2506)
Time: Sun Feb 18 13:08:15 2024 Maroc (heure d64 bit Build 22621 (10.0.22621.2506) elapsed time: 0.010061 seconds (0d 0h 0m 0s)

---------------  T H R E A D  ---------------

Current thread (0x000001a58700e350):  JavaThread "Unknown thread" [_thread_in_vm, id=10500, stack(0x000000470e500000,0x000000470e600000)]

Stack: [0x000000470e500000,0x000000470e600000]
Native frames: (J=compiled Java code, j=interpreted, Vv=VM code, C=native code)
V  [jvm.dll+0x67d2c9]
V  [jvm.dll+0x834afa]
V  [jvm.dll+0x8365be]
V  [jvm.dll+0x836c23]
V  [jvm.dll+0x2477ff]
V  [jvm.dll+0x67a109]
V  [jvm.dll+0x66eb7a]
V  [jvm.dll+0x30764b]
V  [jvm.dll+0x30eaf6]
V  [jvm.dll+0x35e83e]
V  [jvm.dll+0x35ea6f]
V  [jvm.dll+0x2de248]
V  [jvm.dll+0x2df1b4]
V  [jvm.dll+0x806361]
V  [jvm.dll+0x36c6f1]
V  [jvm.dll+0x7e4e06]
V  [jvm.dll+0x3eff3f]
V  [jvm.dll+0x3f1b71]
C  [jli.dll+0x528f]
C  [ucrtbase.dll+0x29363]
C  [KERNEL32.DLL+0x1257d]
C  [ntdll.dll+0x5aa58]


---------------  P R O C E S S  ---------------

Threads class SMR info:
_java_thread_list=0x00007fff7410ee98, length=0, elements={
}

Java Threads: ( => current thread )

Other Threads:
  0x000001a58706b260 GCTaskThread "GC Thread#0" [stack: 0x000000470e600000,0x000000470e700000] [id=8544]
  0x000001a58707cc80 ConcurrentGCThread "G1 Main Marker" [stack: 0x000000470e700000,0x000000470e800000] [id=4548]
  0x000001a58707de40 ConcurrentGCThread "G1 Conc#0" [stack: 0x000000470e800000,0x000000470e900000] [id=12800]

[error occurred during error reporting (printing all threads), id 0xc0000005, EXCEPTION_ACCESS_VIOLATION (0xc0000005) at pc=0x00007fff738cec87]

VM state: not at safepoint (not fully initialized)

VM Mutex/Monitor currently owned by a thread:  ([mutex/lock_event])
[0x000001a587009140] Heap_lock - owner thread: 0x000001a58700e350

Heap address: 0x0000000082a00000, size: 2006 MB, Compressed Oops mode: 32-bit

CDS archive(s) mapped at: [0x0000000000000000-0x0000000000000000-0x0000000000000000), size 0, SharedBaseAddress: 0x0000000800000000, ArchiveRelocationMode: 1.
Narrow klass base: 0x0000000000000000, Narrow klass shift: 0, Narrow klass range: 0x0

GC Precious Log:
<Empty>

Heap:
 garbage-first heap   total 0K, used 0K [0x0000000082a00000, 0x0000000100000000)
  region size 1024K, 0 young (0K), 0 survivors (0K)

[error occurred during error reporting (printing heap information), id 0xc0000005, EXCEPTION_ACCESS_VIOLATION (0xc0000005) at pc=0x00007fff73cb6fb9]

GC Heap History (0 events):
No events

Dll operation events (1 events):
Event: 0.006 Loaded shared library C:\Users\agues\Downloads\spring-tool-suite-4-4.21.1.RELEASE-e4.30.0-win32.win32.x86_64.self-extracting\contents\sts-4.21.1.RELEASE\plugins\org.eclipse.justj.openjdk.hotspot.jre.full.win32.x86_64_17.0.10.v20240120-1143\jre\bin\java.dl

Deoptimization events (0 events):
No events

Classes unloaded (0 events):
No events

Classes redefined (0 events):
No events

Internal exceptions (0 events):
No events

VM Operations (0 events):
No events

Events (0 events):
No events


Dynamic libraries:
0x00007ff7609c0000 - 0x00007ff7609ce000 	C:\Users\agues\Downloads\spring-tool-suite-4-4.21.1.RELEASE-e4.30.0-win32.win32.x86_64.self-extracting\contents\sts-4.21.1.RELEASE\plugins\org.eclipse.justj.openjdk.hotspot.jre.full.win32.x86_64_17.0.10.v20240120-1143\jre\bin\java.exe
0x00007fffb05b0000 - 0x00007fffb07c7000 	C:\WINDOWS\SYSTEM32\ntdll.dll
0x00007fffaf160000 - 0x00007fffaf224000 	C:\WINDOWS\System32\KERNEL32.DLL
0x00007fffadc50000 - 0x00007fffadff6000 	C:\WINDOWS\System32\KERNELBASE.dll
0x00007fffad8f0000 - 0x00007fffada01000 	C:\WINDOWS\System32\ucrtbase.dll
0x00007fff8c7b0000 - 0x00007fff8c7c7000 	C:\Users\agues\Downloads\spring-tool-suite-4-4.21.1.RELEASE-e4.30.0-win32.win32.x86_64.self-extracting\contents\sts-4.21.1.RELEASE\plugins\org.eclipse.justj.openjdk.hotspot.jre.full.win32.x86_64_17.0.10.v20240120-1143\jre\bin\jli.dll
0x00007fff8c760000 - 0x00007fff8c77b000 	C:\Users\agues\Downloads\spring-tool-suite-4-4.21.1.RELEASE-e4.30.0-win32.win32.x86_64.self-extracting\contents\sts-4.21.1.RELEASE\plugins\org.eclipse.justj.openjdk.hotspot.jre.full.win32.x86_64_17.0.10.v20240120-1143\jre\bin\VCRUNTIME140.dll
0x00007fffaea20000 - 0x00007fffaebce000 	C:\WINDOWS\System32\USER32.dll
0x00007fff970f0000 - 0x00007fff97383000 	C:\WINDOWS\WinSxS\amd64_microsoft.windows.common-controls_6595b64144ccf1df_6.0.22621.2506_none_270c5ae97388e100\COMCTL32.dll
0x00007fffae190000 - 0x00007fffae1b6000 	C:\WINDOWS\System32\win32u.dll
0x00007fffaf610000 - 0x00007fffaf6b7000 	C:\WINDOWS\System32\msvcrt.dll
0x00007fffaf530000 - 0x00007fffaf559000 	C:\WINDOWS\System32\GDI32.dll
0x00007fffae070000 - 0x00007fffae188000 	C:\WINDOWS\System32\gdi32full.dll
0x00007fffada40000 - 0x00007fffadada000 	C:\WINDOWS\System32\msvcp_win.dll
0x00007fffaf230000 - 0x00007fffaf261000 	C:\WINDOWS\System32\IMM32.DLL
0x00007fffa3950000 - 0x00007fffa395c000 	C:\Users\agues\Downloads\spring-tool-suite-4-4.21.1.RELEASE-e4.30.0-win32.win32.x86_64.self-extracting\contents\sts-4.21.1.RELEASE\plugins\org.eclipse.justj.openjdk.hotspot.jre.full.win32.x86_64_17.0.10.v20240120-1143\jre\bin\vcruntime140_1.dll
0x00007fff7df80000 - 0x00007fff7e00d000 	C:\Users\agues\Downloads\spring-tool-suite-4-4.21.1.RELEASE-e4.30.0-win32.win32.x86_64.self-extracting\contents\sts-4.21.1.RELEASE\plugins\org.eclipse.justj.openjdk.hotspot.jre.full.win32.x86_64_17.0.10.v20240120-1143\jre\bin\msvcp140.dll
0x00007fff735e0000 - 0x00007fff74242000 	C:\Users\agues\Downloads\spring-tool-suite-4-4.21.1.RELEASE-e4.30.0-win32.win32.x86_64.self-extracting\contents\sts-4.21.1.RELEASE\plugins\org.eclipse.justj.openjdk.hotspot.jre.full.win32.x86_64_17.0.10.v20240120-1143\jre\bin\server\jvm.dll
0x00007fffb0080000 - 0x00007fffb0133000 	C:\WINDOWS\System32\ADVAPI32.dll
0x00007fffaff20000 - 0x00007fffaffc8000 	C:\WINDOWS\System32\sechost.dll
0x00007fffada10000 - 0x00007fffada38000 	C:\WINDOWS\System32\bcrypt.dll
0x00007fffaf410000 - 0x00007fffaf527000 	C:\WINDOWS\System32\RPCRT4.dll
0x00007fffa6810000 - 0x00007fffa6819000 	C:\WINDOWS\SYSTEM32\WSOCK32.dll
0x00007fffacd50000 - 0x00007fffacd9d000 	C:\WINDOWS\SYSTEM32\POWRPROF.dll
0x00007fffa5c30000 - 0x00007fffa5c64000 	C:\WINDOWS\SYSTEM32\WINMM.dll
0x00007fffa44e0000 - 0x00007fffa44ea000 	C:\WINDOWS\SYSTEM32\VERSION.dll
0x00007fffb03e0000 - 0x00007fffb0451000 	C:\WINDOWS\System32\WS2_32.dll
0x00007fffacc50000 - 0x00007fffacc63000 	C:\WINDOWS\SYSTEM32\UMPDC.dll
0x00007fffac8e0000 - 0x00007fffac8f8000 	C:\WINDOWS\SYSTEM32\kernel.appcore.dll
0x00007fffaa710000 - 0x00007fffaa71a000 	C:\Users\agues\Downloads\spring-tool-suite-4-4.21.1.RELEASE-e4.30.0-win32.win32.x86_64.self-extracting\contents\sts-4.21.1.RELEASE\plugins\org.eclipse.justj.openjdk.hotspot.jre.full.win32.x86_64_17.0.10.v20240120-1143\jre\bin\jimage.dll
0x00007fffaa910000 - 0x00007fffaab43000 	C:\WINDOWS\SYSTEM32\DBGHELP.DLL
0x00007fffae690000 - 0x00007fffaea19000 	C:\WINDOWS\System32\combase.dll
0x00007fffb0140000 - 0x00007fffb0217000 	C:\WINDOWS\System32\OLEAUT32.dll
0x00007fff8ad10000 - 0x00007fff8ad42000 	C:\WINDOWS\SYSTEM32\dbgcore.DLL
0x00007fffae280000 - 0x00007fffae2fa000 	C:\WINDOWS\System32\bcryptPrimitives.dll
0x00007fff8c910000 - 0x00007fff8c935000 	C:\Users\agues\Downloads\spring-tool-suite-4-4.21.1.RELEASE-e4.30.0-win32.win32.x86_64.self-extracting\contents\sts-4.21.1.RELEASE\plugins\org.eclipse.justj.openjdk.hotspot.jre.full.win32.x86_64_17.0.10.v20240120-1143\jre\bin\java.dll

dbghelp: loaded successfully - version: 4.0.5 - missing functions: none
symbol engine: initialized successfully - sym options: 0x614 - pdb path: .;C:\Users\agues\Downloads\spring-tool-suite-4-4.21.1.RELEASE-e4.30.0-win32.win32.x86_64.self-extracting\contents\sts-4.21.1.RELEASE\plugins\org.eclipse.justj.openjdk.hotspot.jre.full.win32.x86_64_17.0.10.v20240120-1143\jre\bin;C:\WINDOWS\SYSTEM32;C:\WINDOWS\WinSxS\amd64_microsoft.windows.common-controls_6595b64144ccf1df_6.0.22621.2506_none_270c5ae97388e100;C:\Users\agues\Downloads\spring-tool-suite-4-4.21.1.RELEASE-e4.30.0-win32.win32.x86_64.self-extracting\contents\sts-4.21.1.RELEASE\plugins\org.eclipse.justj.openjdk.hotspot.jre.full.win32.x86_64_17.0.10.v20240120-1143\jre\bin\server

VM Arguments:
java_command: C:\Users\agues\AppData\Local\Temp\surefire6606073381176541001\surefirebooter-20240218130815657_3.jar C:\Users\agues\AppData\Local\Temp\surefire6606073381176541001 2024-02-18T13-08-15_349-jvmRun1 surefire-20240218130815657_1tmp surefire_0-20240218130815657_2tmp
java_class_path (initial): C:\Users\agues\AppData\Local\Temp\surefire6606073381176541001\surefirebooter-20240218130815657_3.jar
Launcher Type: SUN_STANDARD

[Global flags]
     intx CICompilerCount                          = 4                                         {product} {ergonomic}
     uint ConcGCThreads                            = 2                                         {product} {ergonomic}
     uint G1ConcRefinementThreads                  = 8                                         {product} {ergonomic}
   size_t G1HeapRegionSize                         = 1048576                                   {product} {ergonomic}
    uintx GCDrainStackTargetSize                   = 64                                        {product} {ergonomic}
   size_t InitialHeapSize                          = 132120576                                 {product} {ergonomic}
   size_t MarkStackSize                            = 4194304                                   {product} {ergonomic}
   size_t MaxHeapSize                              = 2103443456                                {product} {ergonomic}
   size_t MinHeapDeltaBytes                        = 1048576                                   {product} {ergonomic}
   size_t MinHeapSize                              = 8388608                                   {product} {ergonomic}
    uintx NonNMethodCodeHeapSize                   = 5839372                                {pd product} {ergonomic}
    uintx NonProfiledCodeHeapSize                  = 122909434                              {pd product} {ergonomic}
    uintx ProfiledCodeHeapSize                     = 122909434                              {pd product} {ergonomic}
    uintx ReservedCodeCacheSize                    = 251658240                              {pd product} {ergonomic}
     bool SegmentedCodeCache                       = true                                      {product} {ergonomic}
   size_t SoftMaxHeapSize                          = 2103443456                             {manageable} {ergonomic}
     bool UseCompressedClassPointers               = true                           {product lp64_product} {ergonomic}
     bool UseCompressedOops                        = true                           {product lp64_product} {ergonomic}
     bool UseG1GC                                  = true                                      {product} {ergonomic}
     bool UseLargePagesIndividualAllocation        = false                                  {pd product} {ergonomic}

Logging:
Log output configuration:
 #0: stdout all=warning uptime,level,tags
 #1: stderr all=off uptime,level,tags

Environment Variables:
PATH=C:/Users/agues/Downloads/spring-tool-suite-4-4.21.1.RELEASE-e4.30.0-win32.win32.x86_64.self-extracting/contents/sts-4.21.1.RELEASE//plugins/org.eclipse.justj.openjdk.hotspot.jre.full.win32.x86_64_17.0.10.v20240120-1143/jre/bin/server;C:/Users/agues/Downloads/spring-tool-suite-4-4.21.1.RELEASE-e4.30.0-win32.win32.x86_64.self-extracting/contents/sts-4.21.1.RELEASE//plugins/org.eclipse.justj.openjdk.hotspot.jre.full.win32.x86_64_17.0.10.v20240120-1143/jre/bin;C:\Program Files (x86)\VMware\VMware Workstation\bin\;C:\Program Files\Common Files\Oracle\Java\javapath;C:\Windows\system32;C:\Windows;C:\Windows\System32\Wbem;C:\Windows\System32\WindowsPowerShell\v1.0\;C:\Windows\System32\OpenSSH\;C:\Program Files (x86)\NVIDIA Corporation\PhysX\Common;C:\WINDOWS\system32;C:\WINDOWS;C:\WINDOWS\System32\Wbem;C:\WINDOWS\System32\WindowsPowerShell\v1.0\;C:\WINDOWS\System32\OpenSSH\;C:\Program Files\Git\cmd;C:\Users\agues\Downloads\apache-maven-3.9.6-bin\apache-maven-3.9.6\bin;C:\Program Files\nodejs\;C:\Users\agues\AppData\Local\Programs\Python\Python312\Scripts\;C:\Users\agues\AppData\Local\Programs\Python\Python312\;C:\Users\agues\AppData\Local\Programs\Python\Launcher\;C:\Users\agues\AppData\Local\Microsoft\WindowsApps;C:\Users\agues\AppData\Local\Programs\Microsoft VS Code\bin;C:\Program Files\JetBrains\IntelliJ IDEA 2023.2.2\bin;;C:\Dev\npm-repository\npm;C:\Users\agues\AppData\Roaming\npm;C:\Users\agues\Downloads\spring-tool-suite-4-4.21.1.RELEASE-e4.30.0-win32.win32.x86_64.self-extracting\contents\sts-4.21.1.RELEASE;
USERNAME=agues
OS=Windows_NT
PROCESSOR_IDENTIFIER=Intel64 Family 6 Model 165 Stepping 2, GenuineIntel
TMP=C:\Users\agues\AppData\Local\Temp
TEMP=C:\Users\agues\AppData\Local\Temp



Periodic native trim disabled


---------------  S Y S T E M  ---------------

OS:
 Windows 11 , 64 bit Build 22621 (10.0.22621.2506)
OS uptime: 0 days 18:37 hours
Hyper-V role detected

CPU: total 8 (initial active 8) (4 cores per cpu, 2 threads per core) family 6 model 165 stepping 2 microcode 0xea, cx8, cmov, fxsr, ht, mmx, 3dnowpref, sse, sse2, sse3, ssse3, sse4.1, sse4.2, popcnt, lzcnt, tsc, tscinvbit, avx, avx2, aes, erms, clmul, bmi1, bmi2, adx, fma, vzeroupper, clflush, clflushopt, hv
Processor Information for all 8 processors :
  Max Mhz: 2496, Current Mhz: 2496, Mhz Limit: 2496

Memory: 4k page, system-wide physical 8023M (864M free)
TotalPageFile size 12119M (AvailPageFile size 23M)
current process WorkingSet (physical memory assigned to process): 11M, peak: 11M
current process commit charge ("private bytes"): 60M, peak: 186M

vm_info: OpenJDK 64-Bit Server VM (17.0.10+7) for windows-amd64 JRE (17.0.10+7), built on Jan 16 2024 23:25:11 by "admin" with MS VC++ 16.10 / 16.11 (VS2019)

END.
